{
  "stats": {
    "suites": 2,
    "tests": 7,
    "passes": 4,
    "pending": 3,
    "failures": 0,
    "start": "2023-06-16T21:57:59.473Z",
    "end": "2023-06-16T21:58:02.934Z",
    "duration": 3461,
    "testsRegistered": 7,
    "passPercent": 100,
    "pendingPercent": 42.857142857142854,
    "other": 0,
    "hasOther": false,
    "skipped": 0,
    "hasSkipped": false
  },
  "results": [
    {
      "uuid": "9457946f-e22f-4a13-9bea-9347b014cc04",
      "title": "",
      "fullFile": "/Users/cory/Documents/API AUTOMATION/index.js",
      "file": "/index.js",
      "beforeHooks": [],
      "afterHooks": [],
      "tests": [],
      "suites": [
        {
          "uuid": "e6dbb37f-b603-408c-8e48-19adb6cb8b2c",
          "title": "myApiSimpleBookSuite",
          "fullFile": "/Users/cory/Documents/API AUTOMATION/index.js",
          "file": "/index.js",
          "beforeHooks": [],
          "afterHooks": [],
          "tests": [],
          "suites": [
            {
              "uuid": "8f423306-31d4-42a3-9cfe-51f2be13f306",
              "title": "grabAuthentication",
              "fullFile": "/Users/cory/Documents/API AUTOMATION/index.js",
              "file": "/index.js",
              "beforeHooks": [],
              "afterHooks": [],
              "tests": [
                {
                  "title": "should return an access token",
                  "fullTitle": "myApiSimpleBookSuite grabAuthentication should return an access token",
                  "timedOut": false,
                  "duration": 1327,
                  "state": "passed",
                  "speed": "slow",
                  "pass": true,
                  "fail": false,
                  "pending": false,
                  "context": null,
                  "code": "const authenticationResponse = await utilities.makeRequest(\n    apiData.endpoints.authentication,\n    201,\n    apiData.body.authentication, \n     methodTypes.post)\nexpect(authenticationResponse.body).to.have.own.property(\"accessToken\")\nutilities.setAccessToken(authenticationResponse.body.accessToken)",
                  "err": {},
                  "uuid": "5b739a6e-e3bf-4a29-9d1e-a6d8f7834e09",
                  "parentUUID": "8f423306-31d4-42a3-9cfe-51f2be13f306",
                  "isHook": false,
                  "skipped": false
                },
                {
                  "title": "should get a list of books",
                  "fullTitle": "myApiSimpleBookSuite grabAuthentication should get a list of books",
                  "timedOut": false,
                  "duration": 1185,
                  "state": "passed",
                  "speed": "slow",
                  "pass": true,
                  "fail": false,
                  "pending": false,
                  "context": null,
                  "code": "const getlistOfBooks = await utilities.makeRequest(\n    apiData.endpoints.listOfBooks, \n    200,\n    methodTypes.get);\n    getlistOfBooks.body.forEach(book => {\n        //condition ? resolution1 : or resolution2\n        book.available ?  availableBooks.push(book) : nonAvailableBooks.push(book)\n    });\n    console.log('available books', availableBooks)\n    console.log('nonavailable books', nonAvailableBooks)",
                  "err": {},
                  "uuid": "b9433198-2798-438f-9213-d4e3a85f1975",
                  "parentUUID": "8f423306-31d4-42a3-9cfe-51f2be13f306",
                  "isHook": false,
                  "skipped": false
                },
                {
                  "title": "should get a list of fiction books",
                  "fullTitle": "myApiSimpleBookSuite grabAuthentication should get a list of fiction books",
                  "timedOut": false,
                  "duration": 0,
                  "state": "pending",
                  "speed": null,
                  "pass": false,
                  "fail": false,
                  "pending": true,
                  "context": null,
                  "code": "",
                  "err": {},
                  "uuid": "7af86a43-6c94-4b05-8a70-01a761b9f009",
                  "parentUUID": "8f423306-31d4-42a3-9cfe-51f2be13f306",
                  "isHook": false,
                  "skipped": false
                },
                {
                  "title": "order an available book",
                  "fullTitle": "myApiSimpleBookSuite grabAuthentication order an available book",
                  "timedOut": false,
                  "duration": 521,
                  "state": "passed",
                  "speed": "slow",
                  "pass": true,
                  "fail": false,
                  "pending": false,
                  "context": null,
                  "code": "const randomIndex = Math.floor(Math.random() * availableBooks.length)\nconst createBookOrder = await utilities.postsubmitBookOrder(\n    apiData.endpoints.order,\n    apiData.endpoints.order, 201, availableBooks[randomIndex].id)\nconsole.log(createBookOrder.body);",
                  "err": {},
                  "uuid": "ac9775e3-09d4-490f-9d51-2c0688456e62",
                  "parentUUID": "8f423306-31d4-42a3-9cfe-51f2be13f306",
                  "isHook": false,
                  "skipped": false
                },
                {
                  "title": "shoudl fail to order a non-available book",
                  "fullTitle": "myApiSimpleBookSuite grabAuthentication shoudl fail to order a non-available book",
                  "timedOut": false,
                  "duration": 417,
                  "state": "passed",
                  "speed": "slow",
                  "pass": true,
                  "fail": false,
                  "pending": false,
                  "context": null,
                  "code": "const errorString = 'This book is not in stock. Try again later.'\nconst randomIndex = Math.floor(Math.random() * nonAvailableBooks.length)\nconst createBookOrder = await utilities.postsubmitBookOrder(\n    apiData.endpoints.order,\n    apiData.endpoints.order, 404, nonAvailableBooks[randomIndex].id)\nexpect(createBookOrder.body.error).to.be.equal(errorString)",
                  "err": {},
                  "uuid": "56047586-0c48-4a3f-8849-0f26d22469bc",
                  "parentUUID": "8f423306-31d4-42a3-9cfe-51f2be13f306",
                  "isHook": false,
                  "skipped": false
                },
                {
                  "title": "Get all orders",
                  "fullTitle": "myApiSimpleBookSuite grabAuthentication Get all orders",
                  "timedOut": false,
                  "duration": 0,
                  "state": "pending",
                  "speed": null,
                  "pass": false,
                  "fail": false,
                  "pending": true,
                  "context": null,
                  "code": "",
                  "err": {},
                  "uuid": "aa3568ef-9678-420e-9734-ec1a02774988",
                  "parentUUID": "8f423306-31d4-42a3-9cfe-51f2be13f306",
                  "isHook": false,
                  "skipped": false
                },
                {
                  "title": "Update customers name on order",
                  "fullTitle": "myApiSimpleBookSuite grabAuthentication Update customers name on order",
                  "timedOut": false,
                  "duration": 0,
                  "state": "pending",
                  "speed": null,
                  "pass": false,
                  "fail": false,
                  "pending": true,
                  "context": null,
                  "code": "",
                  "err": {},
                  "uuid": "09eabb23-612b-4007-a265-aa157b427d49",
                  "parentUUID": "8f423306-31d4-42a3-9cfe-51f2be13f306",
                  "isHook": false,
                  "skipped": false
                }
              ],
              "suites": [],
              "passes": [
                "5b739a6e-e3bf-4a29-9d1e-a6d8f7834e09",
                "b9433198-2798-438f-9213-d4e3a85f1975",
                "ac9775e3-09d4-490f-9d51-2c0688456e62",
                "56047586-0c48-4a3f-8849-0f26d22469bc"
              ],
              "failures": [],
              "pending": [
                "7af86a43-6c94-4b05-8a70-01a761b9f009",
                "aa3568ef-9678-420e-9734-ec1a02774988",
                "09eabb23-612b-4007-a265-aa157b427d49"
              ],
              "skipped": [],
              "duration": 3450,
              "root": false,
              "rootEmpty": false,
              "_timeout": 2000
            }
          ],
          "passes": [],
          "failures": [],
          "pending": [],
          "skipped": [],
          "duration": 0,
          "root": false,
          "rootEmpty": false,
          "_timeout": 2000
        }
      ],
      "passes": [],
      "failures": [],
      "pending": [],
      "skipped": [],
      "duration": 0,
      "root": true,
      "rootEmpty": true,
      "_timeout": 2000
    }
  ],
  "meta": {
    "mocha": {
      "version": "10.2.0"
    },
    "mochawesome": {
      "options": {
        "quiet": false,
        "reportFilename": "mochawesome",
        "saveHtml": true,
        "saveJson": true,
        "consoleReporter": "spec",
        "useInlineDiffs": false,
        "code": true
      },
      "version": "7.1.3"
    },
    "marge": {
      "options": null,
      "version": "6.2.0"
    }
  }
}